This is pdfTeX, Version 3.14159265-2.6-1.40.16 (TeX Live 2015/Debian) (preloaded format=latex 2017.6.15)  15 JUN 2017 16:25
entering extended mode
 restricted \write18 enabled.
 %&-line parsing enabled.
**\thanks

*
! Interruption.
<*> 
    
? 
Runaway argument?
! Paragraph ended before \thanks was complete.
<to be read again> 
                   \par 
<*> 
    
? 
(Please type a command or say `\end')
*
(Please type a command or say `\end')
*
(Please type a command or say `\end')
*
(Please type a command or say `\end')
*\send
! Undefined control sequence.
<*> \send
         
? \end
Type <return> to proceed, S to scroll future error messages,
R to run without stopping, Q to run quietly,
I to insert something, 
1 or ... or 9 to ignore the next 1 to 9 tokens of input,
H for help, X to quit.
? q
OK, entering \batchmode...
! Emergency stop.
<*> \send
         
*** (job aborted, no legal \end found)

 
Here is how much of TeX's memory you used:
 2 strings out of 493030
 102 string characters out of 6136260
 53073 words of memory out of 5000000
 3641 multiletter control sequences out of 15000+600000
 3640 words of font info for 14 fonts, out of 8000000 for 9000
 1141 hyphenation exceptions out of 8191
 4i,0n,1p,12b,8s stack positions out of 5000i,500n,10000p,200000b,80000s
No pages of output.
